<?xml version="1.0" encoding="UTF-8"?>
<testsuite name="com.algomind.DrawingBookTest" tests="9" skipped="0" failures="0" errors="0" timestamp="2019-05-06T13:47:03" hostname="Ks-Mac-mini" time="0.004">
  <properties/>
  <testcase name="testLookForPageOne" classname="com.algomind.DrawingBookTest" time="0.003"/>
  <testcase name="testLookForPageSix" classname="com.algomind.DrawingBookTest" time="0.0"/>
  <testcase name="testLookForPageTwo" classname="com.algomind.DrawingBookTest" time="0.0"/>
  <testcase name="testTwoPageBookForPageOne" classname="com.algomind.DrawingBookTest" time="0.0"/>
  <testcase name="testTwoPageBookForPageTwo" classname="com.algomind.DrawingBookTest" time="0.0"/>
  <testcase name="testLookForPageThree" classname="com.algomind.DrawingBookTest" time="0.0"/>
  <testcase name="testOnePageBook" classname="com.algomind.DrawingBookTest" time="0.0"/>
  <testcase name="testLookForPageFive" classname="com.algomind.DrawingBookTest" time="0.0"/>
  <testcase name="testLookForPageFour" classname="com.algomind.DrawingBookTest" time="0.0"/>
  <system-out><![CDATA[]]></system-out>
  <system-err><![CDATA[]]></system-err>
</testsuite>
